#
# A fatal error has been detected by the Java Runtime Environment:
#
#  EXCEPTION_ACCESS_VIOLATION (0xc0000005) at pc=0x000000005cb3bb90, pid=772, tid=0x0000000000005bc4
#
# JRE version: OpenJDK Runtime Environment (8.0_322-b06) (build 1.8.0_322-b06)
# Java VM: OpenJDK 64-Bit Server VM (25.322-b06 mixed mode windows-amd64 compressed oops)
# Problematic frame:
# V  [jvm.dll+0xebb90]
#
# Failed to write core dump. Minidumps are not enabled by default on client versions of Windows
#
# If you would like to submit a bug report, please visit:
#   https://github.com/adoptium/adoptium-support/issues
#

---------------  T H R E A D  ---------------

Current thread (0x000001fdb0353000):  GCTaskThread [stack: 0x0000000100b00000,0x0000000100c00000] [id=23492]

siginfo: ExceptionCode=0xc0000005, ExceptionInformation=0x0000000000000008 0x00000000feae4090

Registers:
RAX=0x000000000000b381, RBX=0x00000006c4cd6000, RCX=0x000001fdcc26fc40, RDX=0x000000000000b380
RSP=0x0000000100bff700, RBP=0x00000006c4c8ae98, RSI=0x0000000000000003, RDI=0x000001fdb035f3e0
R8 =0x0000000000000003, R9 =0x0000000000000003, R10=0x0000000000000028, R11=0x0000000100bff7e0
R12=0x00000007c0060d80, R13=0x000000000000000c, R14=0x00000006c4c8ae94, R15=0x00000007c0060d78
RIP=0x000000005cb3bb90, EFLAGS=0x0000000000010297

Top of Stack: (sp=0x0000000100bff700)
0x0000000100bff700:   00000006c4cd6000 00000006c4c8ae98
0x0000000100bff710:   0000000000000003 000001fdb035f3e0
0x0000000100bff720:   0000000000000000 000001fdb035f498
0x0000000100bff730:   000000005d07f4a8 0000000000000000
0x0000000100bff740:   00a6109a0000b37e 000001fdb035f3e0
0x0000000100bff750:   000000000000b37f 000000005ce2728a
0x0000000100bff760:   000001fdcc26fc40 0000000100bff7c8
0x0000000100bff770:   00000006c4c8ae80 000000005ce2ba0d
0x0000000100bff780:   00a610990000b37e 00a6109a0000b37e
0x0000000100bff790:   00bde85c00003129 00d478740000ab06
0x0000000100bff7a0:   00000006c4c7b400 000000005cb3bca5
0x0000000100bff7b0:   00000006c4cd5ed8 00000006c4c7b408
0x0000000100bff7c0:   0000000000000003 000000005d07f4a8
0x0000000100bff7d0:   0000000000000000 000001fdb0353660
0x0000000100bff7e0:   000001fdb0353650 0000000000000004
0x0000000100bff7f0:   000001fdcdd946c0 000001fdb035f3e0 

Instructions: (pc=0x000000005cb3bb90)
0x000000005cb3bb70:   4d 63 37 41 8b 47 04 4c 03 f6 49 8d 2c 86 4c 3b
0x000000005cb3bb80:   f5 0f 83 a8 01 00 00 66 0f 1f 84 00 00 00 00 00
0x000000005cb3bb90:   41 8b 06 85 c0 0f 84 82 01 00 00 8b 0d 37 4a 69
0x000000005cb3bba0:   00 8b d8 48 d3 e3 8b 0d 3c 60 6b 00 48 03 1d 1d 


Register to memory mapping:

RAX=0x000000000000b381 is an unknown value
RBX=0x00000006c4cd6000 is an oop
collections.Node 
 - klass: 'collections/Node'
RCX=0x000001fdcc26fc40 is an unknown value
RDX=0x000000000000b380 is an unknown value
RSP=0x0000000100bff700 is an unknown value
RBP=0x00000006c4c8ae98 is an oop
java.lang.String 
 - klass: 'java/lang/String'
RSI=0x0000000000000003 is an unknown value
RDI=0x000001fdb035f3e0 is an unknown value
R8 =0x0000000000000003 is an unknown value
R9 =0x0000000000000003 is an unknown value
R10=0x0000000000000028 is an unknown value
R11=0x0000000100bff7e0 is an unknown value
R12=0x00000007c0060d80 is pointing into metadata
R13=0x000000000000000c is an unknown value
R14=0x00000006c4c8ae94 is pointing into object: 0x00000006c4c8ae80
collections.Node 
 - klass: 'collections/Node'
R15=0x00000007c0060d78 is pointing into metadata


Stack: [0x0000000100b00000,0x0000000100c00000],  sp=0x0000000100bff700,  free space=1021k
Native frames: (J=compiled Java code, j=interpreted, Vv=VM code, C=native code)
V  [jvm.dll+0xebb90]
V  [jvm.dll+0x3d728a]
V  [jvm.dll+0x3d4c5f]
V  [jvm.dll+0x3d265e]
V  [jvm.dll+0x26b93a]
C  [msvcr120.dll+0x24f7f]
C  [msvcr120.dll+0x25126]
C  [KERNEL32.DLL+0x17034]
C  [ntdll.dll+0x526a1]


---------------  P R O C E S S  ---------------

Java Threads: ( => current thread )
  0x000001fdce368800 JavaThread "AWT-Windows" daemon [_thread_in_native, id=32668, stack(0x0000000102900000,0x0000000102a00000)]
  0x000001fdce364800 JavaThread "Java2D Disposer" daemon [_thread_blocked, id=5476, stack(0x0000000102700000,0x0000000102800000)]
  0x000001fdcdccb800 JavaThread "Service Thread" daemon [_thread_blocked, id=30348, stack(0x0000000102500000,0x0000000102600000)]
  0x000001fdcdc97000 JavaThread "C1 CompilerThread11" daemon [_thread_blocked, id=25792, stack(0x0000000102400000,0x0000000102500000)]
  0x000001fdcdc93000 JavaThread "C1 CompilerThread10" daemon [_thread_blocked, id=19240, stack(0x0000000102300000,0x0000000102400000)]
  0x000001fdcdc78000 JavaThread "C1 CompilerThread9" daemon [_thread_blocked, id=16836, stack(0x0000000102200000,0x0000000102300000)]
  0x000001fdcdc52000 JavaThread "C1 CompilerThread8" daemon [_thread_blocked, id=30952, stack(0x0000000102100000,0x0000000102200000)]
  0x000001fdcdc41800 JavaThread "C2 CompilerThread7" daemon [_thread_blocked, id=31936, stack(0x0000000102000000,0x0000000102100000)]
  0x000001fdcdc38800 JavaThread "C2 CompilerThread6" daemon [_thread_blocked, id=16304, stack(0x0000000101f00000,0x0000000102000000)]
  0x000001fdcdc0d000 JavaThread "C2 CompilerThread5" daemon [_thread_blocked, id=32016, stack(0x0000000101e00000,0x0000000101f00000)]
  0x000001fdcdbf8800 JavaThread "C2 CompilerThread4" daemon [_thread_blocked, id=2284, stack(0x0000000101d00000,0x0000000101e00000)]
  0x000001fdcdbf8000 JavaThread "C2 CompilerThread3" daemon [_thread_blocked, id=23420, stack(0x0000000101c00000,0x0000000101d00000)]
  0x000001fdcdbf6800 JavaThread "C2 CompilerThread2" daemon [_thread_blocked, id=19156, stack(0x0000000101b00000,0x0000000101c00000)]
  0x000001fdcdbf5000 JavaThread "C2 CompilerThread1" daemon [_thread_blocked, id=24104, stack(0x0000000101a00000,0x0000000101b00000)]
  0x000001fdcdbfb000 JavaThread "C2 CompilerThread0" daemon [_thread_blocked, id=11152, stack(0x0000000101900000,0x0000000101a00000)]
  0x000001fdcdbed000 JavaThread "Attach Listener" daemon [_thread_blocked, id=18772, stack(0x0000000101800000,0x0000000101900000)]
  0x000001fdcdbea000 JavaThread "Signal Dispatcher" daemon [_thread_blocked, id=28752, stack(0x0000000101700000,0x0000000101800000)]
  0x000001fdcaedd000 JavaThread "Finalizer" daemon [_thread_blocked, id=25748, stack(0x0000000101600000,0x0000000101700000)]
  0x000001fdcaed3800 JavaThread "Reference Handler" daemon [_thread_blocked, id=27784, stack(0x0000000101500000,0x0000000101600000)]
  0x000001fdb0335800 JavaThread "main" [_thread_blocked, id=21892, stack(0x0000000100600000,0x0000000100700000)]

Other Threads:
  0x000001fdcaec5000 VMThread [stack: 0x0000000101400000,0x0000000101500000] [id=31592]
  0x000001fdcdccf000 WatcherThread [stack: 0x0000000102600000,0x0000000102700000] [id=27104]

=>0x000001fdb0353000 (exited) GCTaskThread [stack: 0x0000000100b00000,0x0000000100c00000] [id=23492]

VM state:at safepoint (normal execution)

VM Mutex/Monitor currently owned by a thread:  ([mutex/lock_event])
[0x000001fdb0332740] Threads_lock - owner thread: 0x000001fdcaec5000
[0x000001fdb0333bd0] Heap_lock - owner thread: 0x000001fdcaedd000

heap address: 0x00000006c4200000, size: 4030 MB, Compressed Oops mode: Zero based, Oop shift amount: 3
Narrow klass base: 0x0000000000000000, Narrow klass shift: 3
Compressed class space size: 1073741824 Address: 0x00000007c0000000

Heap:
 PSYoungGen      total 75264K, used 64K [0x000000076c100000, 0x0000000771500000, 0x00000007c0000000)
  eden space 64512K, 0% used [0x000000076c100000,0x000000076c100000,0x0000000770000000)
  from space 10752K, 0% used [0x0000000770000000,0x0000000770010000,0x0000000770a80000)
  to   space 10752K, 0% used [0x0000000770a80000,0x0000000770a80000,0x0000000771500000)
 ParOldGen       total 172032K, used 15598K [0x00000006c4200000, 0x00000006cea00000, 0x000000076c100000)
  object space 172032K, 9% used [0x00000006c4200000,0x00000006c513bac0,0x00000006cea00000)
 Metaspace       used 10672K, capacity 10880K, committed 11136K, reserved 1058816K
  class space    used 1253K, capacity 1341K, committed 1408K, reserved 1048576K

Card table byte_map: [0x000001fdc1100000,0x000001fdc18e0000] byte_map_base: 0x000001fdbdadf000

Marking Bits: (ParMarkBitMap*) 0x000000005d242850
 Begin Bits: [0x000001fdc1e20000, 0x000001fdc5d18000)
 End Bits:   [0x000001fdc5d18000, 0x000001fdc9c10000)

Polling page: 0x000001fdb0500000

CodeCache: size=245760Kb used=4798Kb max_used=4809Kb free=240961Kb
 bounds [0x000001fdb1d40000, 0x000001fdb2200000, 0x000001fdc0d40000]
 total_blobs=1269 nmethods=818 adapters=361
 compilation: enabled

Compilation events (10 events):
Event: 12.695 Thread 0x000001fdcdc78000  817       3       testing.cs40s.advancedclasses.Box::toString (8 bytes)
Event: 12.695 Thread 0x000001fdcdc78000 nmethod 817 0x000001fdb21eff90 code [0x000001fdb21f0100, 0x000001fdb21f0330]
Event: 14.785 Thread 0x000001fdcdbf8000  818       4       collections.Node::toString (17 bytes)
Event: 14.831 Thread 0x000001fdcdc38800  819       4       collections.LinkedList::addBack (73 bytes)
Event: 14.927 Thread 0x000001fdcdbf8000 nmethod 818 0x000001fdb1feb910 code [0x000001fdb1feba40, 0x000001fdb1febad8]
Event: 15.192 Thread 0x000001fdcdbfb000  820       4       collections.Node::<init> (8 bytes)
Event: 15.696 Thread 0x000001fdcdbfb000 nmethod 820 0x000001fdb21f3090 code [0x000001fdb21f31c0, 0x000001fdb21f3258]
Event: 15.960 Thread 0x000001fdcdc38800 nmethod 819 0x000001fdb21f15d0 code [0x000001fdb21f1720, 0x000001fdb21f1938]
Event: 16.151 Thread 0x000001fdcdc97000  821       1       java.net.URLStreamHandler::getDefaultPort (2 bytes)
Event: 16.222 Thread 0x000001fdcdc97000 nmethod 821 0x000001fdb21f1310 code [0x000001fdb21f1460, 0x000001fdb21f1578]

GC Heap History (10 events):
Event: 16.317 GC heap after
Heap after GC invocations=1981 (full 990):
 PSYoungGen      total 75264K, used 64K [0x000000076c100000, 0x0000000771500000, 0x00000007c0000000)
  eden space 64512K, 0% used [0x000000076c100000,0x000000076c100000,0x0000000770000000)
  from space 10752K, 0% used [0x0000000770000000,0x0000000770010000,0x0000000770a80000)
  to   space 10752K, 0% used [0x0000000770a80000,0x0000000770a80000,0x0000000771500000)
 ParOldGen       total 172032K, used 15598K [0x00000006c4200000, 0x00000006cea00000, 0x000000076c100000)
  object space 172032K, 9% used [0x00000006c4200000,0x00000006c513b978,0x00000006cea00000)
 Metaspace       used 10672K, capacity 10880K, committed 11136K, reserved 1058816K
  class space    used 1253K, capacity 1341K, committed 1408K, reserved 1048576K
}
Event: 16.317 GC heap before
{Heap before GC invocations=1982 (full 991):
 PSYoungGen      total 75264K, used 64K [0x000000076c100000, 0x0000000771500000, 0x00000007c0000000)
  eden space 64512K, 0% used [0x000000076c100000,0x000000076c100000,0x0000000770000000)
  from space 10752K, 0% used [0x0000000770000000,0x0000000770010000,0x0000000770a80000)
  to   space 10752K, 0% used [0x0000000770a80000,0x0000000770a80000,0x0000000771500000)
 ParOldGen       total 172032K, used 15598K [0x00000006c4200000, 0x00000006cea00000, 0x000000076c100000)
  object space 172032K, 9% used [0x00000006c4200000,0x00000006c513b978,0x00000006cea00000)
 Metaspace       used 10672K, capacity 10880K, committed 11136K, reserved 1058816K
  class space    used 1253K, capacity 1341K, committed 1408K, reserved 1048576K
Event: 16.340 GC heap after
Heap after GC invocations=1982 (full 991):
 PSYoungGen      total 75264K, used 0K [0x000000076c100000, 0x0000000771500000, 0x00000007c0000000)
  eden space 64512K, 0% used [0x000000076c100000,0x000000076c100000,0x0000000770000000)
  from space 10752K, 0% used [0x0000000770000000,0x0000000770000000,0x0000000770a80000)
  to   space 10752K, 0% used [0x0000000770a80000,0x0000000770a80000,0x0000000771500000)
 ParOldGen       total 172032K, used 15598K [0x00000006c4200000, 0x00000006cea00000, 0x000000076c100000)
  object space 172032K, 9% used [0x00000006c4200000,0x00000006c513ba10,0x00000006cea00000)
 Metaspace       used 10672K, capacity 10880K, committed 11136K, reserved 1058816K
  class space    used 1253K, capacity 1341K, committed 1408K, reserved 1048576K
}
Event: 16.340 GC heap before
{Heap before GC invocations=1983 (full 991):
 PSYoungGen      total 75264K, used 1290K [0x000000076c100000, 0x0000000771500000, 0x00000007c0000000)
  eden space 64512K, 2% used [0x000000076c100000,0x000000076c242938,0x0000000770000000)
  from space 10752K, 0% used [0x0000000770000000,0x0000000770000000,0x0000000770a80000)
  to   space 10752K, 0% used [0x0000000770a80000,0x0000000770a80000,0x0000000771500000)
 ParOldGen       total 172032K, used 15598K [0x00000006c4200000, 0x00000006cea00000, 0x000000076c100000)
  object space 172032K, 9% used [0x00000006c4200000,0x00000006c513ba10,0x00000006cea00000)
 Metaspace       used 10672K, capacity 10880K, committed 11136K, reserved 1058816K
  class space    used 1253K, capacity 1341K, committed 1408K, reserved 1048576K
Event: 16.341 GC heap after
Heap after GC invocations=1983 (full 991):
 PSYoungGen      total 75264K, used 64K [0x000000076c100000, 0x0000000771500000, 0x00000007c0000000)
  eden space 64512K, 0% used [0x000000076c100000,0x000000076c100000,0x0000000770000000)
  from space 10752K, 0% used [0x0000000770a80000,0x0000000770a90000,0x0000000771500000)
  to   space 10752K, 0% used [0x0000000770000000,0x0000000770000000,0x0000000770a80000)
 ParOldGen       total 172032K, used 15598K [0x00000006c4200000, 0x00000006cea00000, 0x000000076c100000)
  object space 172032K, 9% used [0x00000006c4200000,0x00000006c513ba10,0x00000006cea00000)
 Metaspace       used 10672K, capacity 10880K, committed 11136K, reserved 1058816K
  class space    used 1253K, capacity 1341K, committed 1408K, reserved 1048576K
}
Event: 16.341 GC heap before
{Heap before GC invocations=1984 (full 992):
 PSYoungGen      total 75264K, used 64K [0x000000076c100000, 0x0000000771500000, 0x00000007c0000000)
  eden space 64512K, 0% used [0x000000076c100000,0x000000076c100000,0x0000000770000000)
  from space 10752K, 0% used [0x0000000770a80000,0x0000000770a90000,0x0000000771500000)
  to   space 10752K, 0% used [0x0000000770000000,0x0000000770000000,0x0000000770a80000)
 ParOldGen       total 172032K, used 15598K [0x00000006c4200000, 0x00000006cea00000, 0x000000076c100000)
  object space 172032K, 9% used [0x00000006c4200000,0x00000006c513ba10,0x00000006cea00000)
 Metaspace       used 10672K, capacity 10880K, committed 11136K, reserved 1058816K
  class space    used 1253K, capacity 1341K, committed 1408K, reserved 1048576K
Event: 16.364 GC heap after
Heap after GC invocations=1984 (full 992):
 PSYoungGen      total 75264K, used 0K [0x000000076c100000, 0x0000000771500000, 0x00000007c0000000)
  eden space 64512K, 0% used [0x000000076c100000,0x000000076c100000,0x0000000770000000)
  from space 10752K, 0% used [0x0000000770a80000,0x0000000770a80000,0x0000000771500000)
  to   space 10752K, 0% used [0x0000000770000000,0x0000000770000000,0x0000000770a80000)
 ParOldGen       total 172032K, used 15598K [0x00000006c4200000, 0x00000006cea00000, 0x000000076c100000)
  object space 172032K, 9% used [0x00000006c4200000,0x00000006c513bac0,0x00000006cea00000)
 Metaspace       used 10672K, capacity 10880K, committed 11136K, reserved 1058816K
  class space    used 1253K, capacity 1341K, committed 1408K, reserved 1048576K
}
Event: 16.364 GC heap before
{Heap before GC invocations=1985 (full 992):
 PSYoungGen      total 75264K, used 1290K [0x000000076c100000, 0x0000000771500000, 0x00000007c0000000)
  eden space 64512K, 1% used [0x000000076c100000,0x000000076c2428f0,0x0000000770000000)
  from space 10752K, 0% used [0x0000000770a80000,0x0000000770a80000,0x0000000771500000)
  to   space 10752K, 0% used [0x0000000770000000,0x0000000770000000,0x0000000770a80000)
 ParOldGen       total 172032K, used 15598K [0x00000006c4200000, 0x00000006cea00000, 0x000000076c100000)
  object space 172032K, 9% used [0x00000006c4200000,0x00000006c513bac0,0x00000006cea00000)
 Metaspace       used 10672K, capacity 10880K, committed 11136K, reserved 1058816K
  class space    used 1253K, capacity 1341K, committed 1408K, reserved 1048576K
Event: 16.364 GC heap after
Heap after GC invocations=1985 (full 992):
 PSYoungGen      total 75264K, used 64K [0x000000076c100000, 0x0000000771500000, 0x00000007c0000000)
  eden space 64512K, 0% used [0x000000076c100000,0x000000076c100000,0x0000000770000000)
  from space 10752K, 0% used [0x0000000770000000,0x0000000770010000,0x0000000770a80000)
  to   space 10752K, 0% used [0x0000000770a80000,0x0000000770a80000,0x0000000771500000)
 ParOldGen       total 172032K, used 15598K [0x00000006c4200000, 0x00000006cea00000, 0x000000076c100000)
  object space 172032K, 9% used [0x00000006c4200000,0x00000006c513bac0,0x00000006cea00000)
 Metaspace       used 10672K, capacity 10880K, committed 11136K, reserved 1058816K
  class space    used 1253K, capacity 1341K, committed 1408K, reserved 1048576K
}
Event: 16.364 GC heap before
{Heap before GC invocations=1986 (full 993):
 PSYoungGen      total 75264K, used 64K [0x000000076c100000, 0x0000000771500000, 0x00000007c0000000)
  eden space 64512K, 0% used [0x000000076c100000,0x000000076c100000,0x0000000770000000)
  from space 10752K, 0% used [0x0000000770000000,0x0000000770010000,0x0000000770a80000)
  to   space 10752K, 0% used [0x0000000770a80000,0x0000000770a80000,0x0000000771500000)
 ParOldGen       total 172032K, used 15598K [0x00000006c4200000, 0x00000006cea00000, 0x000000076c100000)
  object space 172032K, 9% used [0x00000006c4200000,0x00000006c513bac0,0x00000006cea00000)
 Metaspace       used 10672K, capacity 10880K, committed 11136K, reserved 1058816K
  class space    used 1253K, capacity 1341K, committed 1408K, reserved 1048576K

Deoptimization events (8 events):
Event: 0.469 Thread 0x000001fdb0335800 Uncommon trap: reason=unstable_if action=reinterpret pc=0x000001fdb2030168 method=java.lang.AbstractStringBuilder.append(Ljava/lang/String;)Ljava/lang/AbstractStringBuilder; @ 1
Event: 0.469 Thread 0x000001fdb0335800 Uncommon trap: reason=unstable_if action=reinterpret pc=0x000001fdb2030b24 method=java.lang.AbstractStringBuilder.append(Ljava/lang/String;)Ljava/lang/AbstractStringBuilder; @ 1
Event: 2.371 Thread 0x000001fdb0335800 Uncommon trap: reason=unstable_if action=reinterpret pc=0x000001fdb213e6f8 method=java.lang.String.indexOf([CII[CIII)I @ 3
Event: 2.446 Thread 0x000001fdb0335800 Uncommon trap: reason=bimorphic action=maybe_recompile pc=0x000001fdb2173bc4 method=collections.Node.toString()Ljava/lang/String; @ 13
Event: 2.448 Thread 0x000001fdb0335800 Uncommon trap: reason=bimorphic action=maybe_recompile pc=0x000001fdb2173bc4 method=collections.Node.toString()Ljava/lang/String; @ 13
Event: 2.448 Thread 0x000001fdb0335800 Uncommon trap: reason=bimorphic action=maybe_recompile pc=0x000001fdb2173bc4 method=collections.Node.toString()Ljava/lang/String; @ 13
Event: 2.449 Thread 0x000001fdb0335800 Uncommon trap: reason=bimorphic action=maybe_recompile pc=0x000001fdb2173bc4 method=collections.Node.toString()Ljava/lang/String; @ 13
Event: 2.449 Thread 0x000001fdb0335800 Uncommon trap: reason=bimorphic action=maybe_recompile pc=0x000001fdb21742c4 method=collections.Node.toString()Ljava/lang/String; @ 13

Classes redefined (0 events):
No events

Internal exceptions (10 events):
Event: 0.469 Thread 0x000001fdb0335800 Implicit null exception at 0x000001fdb202fd96 to 0x000001fdb2030151
Event: 0.469 Thread 0x000001fdb0335800 Implicit null exception at 0x000001fdb2030756 to 0x000001fdb2030b0d
Event: 2.367 Thread 0x000001fdb0335800 Exception <a 'java/lang/NoSuchMethodError': <clinit>> (0x000000076cfbc288) thrown at [E:\jenkins\tmp\workspace\build\src\hotspot\src\share\vm\prims\jni.cpp, line 1616]
Event: 2.373 Thread 0x000001fdb0335800 Exception <a 'java/lang/NoSuchMethodError': <clinit>> (0x000000076cff21c0) thrown at [E:\jenkins\tmp\workspace\build\src\hotspot\src\share\vm\prims\jni.cpp, line 1616]
Event: 2.373 Thread 0x000001fdb0335800 Exception <a 'java/lang/NoSuchMethodError': <clinit>> (0x000000076cff52e0) thrown at [E:\jenkins\tmp\workspace\build\src\hotspot\src\share\vm\prims\jni.cpp, line 1616]
Event: 2.374 Thread 0x000001fdb0335800 Exception <a 'java/lang/NoSuchMethodError': <clinit>> (0x000000076cff86e0) thrown at [E:\jenkins\tmp\workspace\build\src\hotspot\src\share\vm\prims\jni.cpp, line 1616]
Event: 2.374 Thread 0x000001fdb0335800 Exception <a 'java/lang/NoSuchMethodError': <clinit>> (0x000000076cffc438) thrown at [E:\jenkins\tmp\workspace\build\src\hotspot\src\share\vm\prims\jni.cpp, line 1616]
Event: 2.375 Thread 0x000001fdb0335800 Exception <a 'java/lang/NoSuchMethodError': <clinit>> (0x000000076d00ced8) thrown at [E:\jenkins\tmp\workspace\build\src\hotspot\src\share\vm\prims\jni.cpp, line 1616]
Event: 2.487 Thread 0x000001fdb0335800 Exception <a 'java/lang/NoSuchMethodError': <clinit>> (0x000000076c15ba18) thrown at [E:\jenkins\tmp\workspace\build\src\hotspot\src\share\vm\prims\jni.cpp, line 1616]
Event: 2.488 Thread 0x000001fdb0335800 Exception <a 'java/lang/NoSuchMethodError': <clinit>> (0x000000076c172f28) thrown at [E:\jenkins\tmp\workspace\build\src\hotspot\src\share\vm\prims\jni.cpp, line 1616]

Events (10 events):
Event: 16.270 Executing VM operation: ParallelGCSystemGC done
Event: 16.270 Executing VM operation: ParallelGCSystemGC
Event: 16.293 Executing VM operation: ParallelGCSystemGC done
Event: 16.293 Executing VM operation: ParallelGCSystemGC
Event: 16.317 Executing VM operation: ParallelGCSystemGC done
Event: 16.317 Executing VM operation: ParallelGCSystemGC
Event: 16.340 Executing VM operation: ParallelGCSystemGC done
Event: 16.340 Executing VM operation: ParallelGCSystemGC
Event: 16.364 Executing VM operation: ParallelGCSystemGC done
Event: 16.364 Executing VM operation: ParallelGCSystemGC


Dynamic libraries:
0x00007ff791c00000 - 0x00007ff791c3a000 	C:\Program Files\Eclipse Adoptium\jdk-8.0.322.6-hotspot\jre\bin\java.exe
0x00007ffaa72b0000 - 0x00007ffaa74a8000 	C:\Windows\SYSTEM32\ntdll.dll
0x00007ffaa6eb0000 - 0x00007ffaa6f6d000 	C:\Windows\System32\KERNEL32.DLL
0x00007ffaa4be0000 - 0x00007ffaa4eb2000 	C:\Windows\System32\KERNELBASE.dll
0x00007ffaa70e0000 - 0x00007ffaa718e000 	C:\Windows\System32\ADVAPI32.dll
0x00007ffaa6a50000 - 0x00007ffaa6aee000 	C:\Windows\System32\msvcrt.dll
0x00007ffaa53c0000 - 0x00007ffaa545c000 	C:\Windows\System32\sechost.dll
0x00007ffaa5580000 - 0x00007ffaa56a5000 	C:\Windows\System32\RPCRT4.dll
0x00007ffaa6bc0000 - 0x00007ffaa6d5d000 	C:\Windows\System32\USER32.dll
0x00007ffaa4ab0000 - 0x00007ffaa4ad2000 	C:\Windows\System32\win32u.dll
0x00007ffaa6ff0000 - 0x00007ffaa701b000 	C:\Windows\System32\GDI32.dll
0x00007ffaa5190000 - 0x00007ffaa529f000 	C:\Windows\System32\gdi32full.dll
0x00007ffaa49c0000 - 0x00007ffaa4a5d000 	C:\Windows\System32\msvcp_win.dll
0x00007ffaa4ae0000 - 0x00007ffaa4be0000 	C:\Windows\System32\ucrtbase.dll
0x00007ffa980b0000 - 0x00007ffa9834a000 	C:\Windows\WinSxS\amd64_microsoft.windows.common-controls_6595b64144ccf1df_6.0.19041.1110_none_60b5254171f9507e\COMCTL32.dll
0x00007ffaa6a20000 - 0x00007ffaa6a50000 	C:\Windows\System32\IMM32.DLL
0x00007ffa1d4e0000 - 0x00007ffa1d5cf000 	C:\Program Files\Eclipse Adoptium\jdk-8.0.322.6-hotspot\jre\bin\msvcr120.dll
0x00007ff9f5e30000 - 0x00007ff9f5ed6000 	C:\Program Files\Eclipse Adoptium\jdk-8.0.322.6-hotspot\jre\bin\msvcp120.dll
0x000000005ca50000 - 0x000000005d2c1000 	C:\Program Files\Eclipse Adoptium\jdk-8.0.322.6-hotspot\jre\bin\server\jvm.dll
0x00007ffaa6d70000 - 0x00007ffaa6d78000 	C:\Windows\System32\PSAPI.DLL
0x00007ffa8fae0000 - 0x00007ffa8fae9000 	C:\Windows\SYSTEM32\WSOCK32.dll
0x00007ffa9dd20000 - 0x00007ffa9dd2a000 	C:\Windows\SYSTEM32\VERSION.dll
0x00007ffa9a390000 - 0x00007ffa9a3b7000 	C:\Windows\SYSTEM32\WINMM.dll
0x00007ffaa6b50000 - 0x00007ffaa6bbb000 	C:\Windows\System32\WS2_32.dll
0x00007ffa727d0000 - 0x00007ffa727df000 	C:\Program Files\Eclipse Adoptium\jdk-8.0.322.6-hotspot\jre\bin\verify.dll
0x00007ffa17890000 - 0x00007ffa178b9000 	C:\Program Files\Eclipse Adoptium\jdk-8.0.322.6-hotspot\jre\bin\java.dll
0x00007ffa4f120000 - 0x00007ffa4f136000 	C:\Program Files\Eclipse Adoptium\jdk-8.0.322.6-hotspot\jre\bin\zip.dll
0x00007ffaa5a10000 - 0x00007ffaa6153000 	C:\Windows\System32\SHELL32.dll
0x00007ffaa2990000 - 0x00007ffaa3121000 	C:\Windows\SYSTEM32\windows.storage.dll
0x00007ffaa56b0000 - 0x00007ffaa5a04000 	C:\Windows\System32\combase.dll
0x00007ffaa4450000 - 0x00007ffaa4480000 	C:\Windows\SYSTEM32\Wldp.dll
0x00007ffaa7030000 - 0x00007ffaa70dd000 	C:\Windows\System32\SHCORE.dll
0x00007ffaa6af0000 - 0x00007ffaa6b45000 	C:\Windows\System32\shlwapi.dll
0x00007ffaa4900000 - 0x00007ffaa491f000 	C:\Windows\SYSTEM32\profapi.dll
0x00007ff9f5ee0000 - 0x00007ff9f6075000 	C:\Program Files\Eclipse Adoptium\jdk-8.0.322.6-hotspot\jre\bin\awt.dll
0x00007ffaa63a0000 - 0x00007ffaa646d000 	C:\Windows\System32\OLEAUT32.dll
0x00007ffaa1340000 - 0x00007ffaa13d1000 	C:\Windows\SYSTEM32\apphelp.dll
0x00007ffaa23c0000 - 0x00007ffaa23ef000 	C:\Windows\system32\DWMAPI.DLL
0x00007ffaa2270000 - 0x00007ffaa230e000 	C:\Windows\system32\uxtheme.dll
0x0000000011320000 - 0x0000000011366000 	C:\Program Files (x86)\NetSupport\NetSupport School\pciappctrl64.dll
0x00007ffa77e30000 - 0x00007ffa77e4d000 	C:\Windows\SYSTEM32\MPR.dll
0x00007ffa8faf0000 - 0x00007ffa8fcd4000 	C:\Windows\SYSTEM32\dbghelp.dll
0x00007ffaa5460000 - 0x00007ffaa5575000 	C:\Windows\System32\MSCTF.dll
0x00007ffaa6d80000 - 0x00007ffaa6eaa000 	C:\Windows\System32\ole32.dll
0x00007ffaa2790000 - 0x00007ffaa27a2000 	C:\Windows\SYSTEM32\kernel.appcore.dll
0x00007ffaa4ef0000 - 0x00007ffaa4f72000 	C:\Windows\System32\bcryptPrimitives.dll
0x00007ffa68f10000 - 0x00007ffa68fa3000 	C:\Program Files\Eclipse Adoptium\jdk-8.0.322.6-hotspot\jre\bin\freetype.dll
0x00007ff9f1850000 - 0x00007ff9f190d000 	C:\Program Files\Eclipse Adoptium\jdk-8.0.322.6-hotspot\jre\bin\fontmanager.dll
0x00007ffa60fc0000 - 0x00007ffa610e7000 	C:\Windows\system32\opengl32.dll
0x00007ffa67500000 - 0x00007ffa6752c000 	C:\Windows\SYSTEM32\GLU32.dll
0x00007ffa737a0000 - 0x00007ffa737ba000 	C:\Program Files\Eclipse Adoptium\jdk-8.0.322.6-hotspot\jre\bin\net.dll
0x00007ffaa4180000 - 0x00007ffaa41ea000 	C:\Windows\system32\mswsock.dll
0x00007ffa6b920000 - 0x00007ffa6b932000 	C:\Program Files\Eclipse Adoptium\jdk-8.0.322.6-hotspot\jre\bin\nio.dll

VM Arguments:
jvm_args: -Dfile.encoding=UTF-8 
java_command: mainpackage.MainClass
java_class_path (initial): C:\Users\lawrence.wachs\OneDrive - St. James-Assiniboia School Division\Documents\2022-2023\Projects\Java\ComputerScience42SIB\build\classes
Launcher Type: SUN_STANDARD

Environment Variables:
JAVA_HOME=C:\Program Files\Eclipse Adoptium\jdk-8.0.322.6-hotspot\
PATH=C:\Program Files\Common Files\Oracle\Java\javapath;C:\Program Files\Microsoft\jdk-11.0.12.7-hotspot\bin;C:\Program Files\Eclipse Adoptium\jdk-8.0.322.6-hotspot\bin;C:\Program Files\Eclipse Adoptium\jre-8.0.322.6-hotspot\bin;C:\Windows\system32;C:\Windows;C:\Windows\System32\Wbem;C:\Windows\System32\WindowsPowerShell\v1.0\;C:\Windows\System32\OpenSSH\;C:\Windows\CCM;C:\Windows\CCM;C:\Program Files\Microsoft SQL Server\150\Tools\Binn\;C:\Program Files\Microsoft SQL Server\Client SDK\ODBC\170\Tools\Binn\;C:\Program Files\dotnet\;C:\Users\lawrence.wachs\AppData\Local\Microsoft\WindowsApps;C:\Users\lawrence.wachs\.dotnet\tools
USERNAME=lawrence.wachs
OS=Windows_NT
PROCESSOR_IDENTIFIER=Intel64 Family 6 Model 165 Stepping 5, GenuineIntel



---------------  S Y S T E M  ---------------

OS: Windows 10.0 , 64 bit Build 19041 (10.0.19041.1889)

CPU:total 16 (initial active 16) (8 cores per cpu, 2 threads per core) family 6 model 165 stepping 5, cmov, cx8, fxsr, mmx, sse, sse2, sse3, ssse3, sse4.1, sse4.2, popcnt, avx, avx2, aes, clmul, erms, 3dnowpref, lzcnt, ht, tsc, tscinvbit, bmi1, bmi2, adx

Memory: 4k page, physical 16503876k(5430980k free), swap 29260860k(9069524k free)

vm_info: OpenJDK 64-Bit Server VM (25.322-b06) for windows-amd64 JRE (1.8.0_322-b06), built on Jan 19 2022 07:06:38 by "jenkins" with MS VC++ 12.0 (VS2013)

time: Mon Apr 10 13:00:07 2023
timezone: Central Daylight Time
elapsed time: 16.382609 seconds (0d 0h 0m 16s)

