#
# A fatal error has been detected by the Java Runtime Environment:
#
#  EXCEPTION_ACCESS_VIOLATION (0xc0000005) at pc=0x000000005e8dbd21, pid=18424, tid=0x00000000000039f4
#
# JRE version: OpenJDK Runtime Environment (8.0_322-b06) (build 1.8.0_322-b06)
# Java VM: OpenJDK 64-Bit Server VM (25.322-b06 mixed mode windows-amd64 compressed oops)
# Problematic frame:
# V  [jvm.dll+0xebd21]
#
# Failed to write core dump. Minidumps are not enabled by default on client versions of Windows
#
# If you would like to submit a bug report, please visit:
#   https://github.com/adoptium/adoptium-support/issues
#

---------------  T H R E A D  ---------------

Current thread (0x00000250bc322000):  GCTaskThread [stack: 0x000000a7e9900000,0x000000a7e9a00000] [id=14836]

siginfo: ExceptionCode=0xc0000005, ExceptionInformation=0x0000000000000008 0x00000000aaf18000

Registers:
RAX=0x00000000000125d2, RBX=0x00000006c4d45130, RCX=0x00000250d825bec8, RDX=0x00000000000125d1
RSP=0x000000a7e99ffa60, RBP=0x00000006c4d053b0, RSI=0x0000000000000003, RDI=0x00000250bc32d270
R8 =0x0000000000000003, R9 =0x0000000000000003, R10=0x0000000000000028, R11=0x000000a7e99ffb40
R12=0x00000007c0122d68, R13=0x000000000000000c, R14=0x00000006c4d053ac, R15=0x00000007c0122d60
RIP=0x000000005e8dbd21, EFLAGS=0x0000000000010206

Top of Stack: (sp=0x000000a7e99ffa60)
0x000000a7e99ffa60:   00000006c4d45130 00000006c4d053b0
0x000000a7e99ffa70:   0000000000000003 00000250bc32d270
0x000000a7e99ffa80:   0000000000000000 00000250bc32d328
0x000000a7e99ffa90:   000000005ee1f4a8 0000000000000000
0x000000a7e99ffaa0:   00234d48000125d0 00000250bc32d270
0x000000a7e99ffab0:   00234d47000125d0 000000005ebc728a
0x000000a7e99ffac0:   00000250d825bec8 000000a7e99ffb28
0x000000a7e99ffad0:   00000006c4d05398 000000005ebcba0d
0x000000a7e99ffae0:   00234d47000125d0 00234d48000125d0
0x000000a7e99ffaf0:   0023dda8000164ac 0023dda8000164ad
0x000000a7e99ffb00:   00000006c4d2a860 000000005e8dbca5
0x000000a7e99ffb10:   00000006c4d3a4a8 00000006c4d2a868
0x000000a7e99ffb20:   0000000000000003 000000005ee1f4a8
0x000000a7e99ffb30:   0000000000000000 00000250bc3226b0
0x000000a7e99ffb40:   00000250bc3226a0 0000000000000004
0x000000a7e99ffb50:   00000250da409f20 00000250bc32d270 

Instructions: (pc=0x000000005e8dbd21)
0x000000005e8dbd01:   96 00 00 48 8b 8f 90 00 00 00 48 8b 87 a8 00 00
0x000000005e8dbd11:   00 48 89 1c c8 48 ff 87 90 00 00 00 49 83 c6 04
0x000000005e8dbd21:   4c 3b f5 0f 82 66 fe ff ff 48 8b 74 24 70 49 83
0x000000005e8dbd31:   c7 08 4d 3b fc 0f 82 34 fe ff ff e9 ca 01 00 00 


Register to memory mapping:

RAX=0x00000000000125d2 is an unknown value
RBX=0x00000006c4d45130 is an oop
collections.Node 
 - klass: 'collections/Node'
RCX=0x00000250d825bec8 is an unknown value
RDX=0x00000000000125d1 is an unknown value
RSP=0x000000a7e99ffa60 is an unknown value
RBP=0x00000006c4d053b0 is an oop
java.lang.String 
 - klass: 'java/lang/String'
RSI=0x0000000000000003 is an unknown value
RDI=0x00000250bc32d270 is an unknown value
R8 =0x0000000000000003 is an unknown value
R9 =0x0000000000000003 is an unknown value
R10=0x0000000000000028 is an unknown value
R11=0x000000a7e99ffb40 is an unknown value
R12=0x00000007c0122d68 is pointing into metadata
R13=0x000000000000000c is an unknown value
R14=0x00000006c4d053ac is pointing into object: 0x00000006c4d05398
collections.Node 
 - klass: 'collections/Node'
R15=0x00000007c0122d60 is pointing into metadata


Stack: [0x000000a7e9900000,0x000000a7e9a00000],  sp=0x000000a7e99ffa60,  free space=1022k
Native frames: (J=compiled Java code, j=interpreted, Vv=VM code, C=native code)
V  [jvm.dll+0xebd21]
V  [jvm.dll+0x3d728a]
V  [jvm.dll+0x3d4c5f]
V  [jvm.dll+0x3d265e]
V  [jvm.dll+0x26b93a]
C  [msvcr120.dll+0x24f7f]
C  [msvcr120.dll+0x25126]
C  [KERNEL32.DLL+0x17034]
C  [ntdll.dll+0x526a1]


---------------  P R O C E S S  ---------------

Java Threads: ( => current thread )
  0x00000250da2d2800 JavaThread "AWT-Windows" daemon [_thread_in_native, id=25500, stack(0x000000a7eb700000,0x000000a7eb800000)]
  0x00000250da2cf800 JavaThread "Java2D Disposer" daemon [_thread_blocked, id=25064, stack(0x000000a7eb500000,0x000000a7eb600000)]
  0x00000250d9c74000 JavaThread "Service Thread" daemon [_thread_blocked, id=15452, stack(0x000000a7eb300000,0x000000a7eb400000)]
  0x00000250d9c58000 JavaThread "C1 CompilerThread11" daemon [_thread_blocked, id=28096, stack(0x000000a7eb200000,0x000000a7eb300000)]
  0x00000250d9c47800 JavaThread "C1 CompilerThread10" daemon [_thread_blocked, id=27792, stack(0x000000a7eb100000,0x000000a7eb200000)]
  0x00000250d9c33800 JavaThread "C1 CompilerThread9" daemon [_thread_blocked, id=15724, stack(0x000000a7eb000000,0x000000a7eb100000)]
  0x00000250d9c32800 JavaThread "C1 CompilerThread8" daemon [_thread_blocked, id=21676, stack(0x000000a7eaf00000,0x000000a7eb000000)]
  0x00000250d9c22000 JavaThread "C2 CompilerThread7" daemon [_thread_blocked, id=22916, stack(0x000000a7eae00000,0x000000a7eaf00000)]
  0x00000250d9c20000 JavaThread "C2 CompilerThread6" daemon [_thread_blocked, id=5568, stack(0x000000a7ead00000,0x000000a7eae00000)]
  0x00000250d9c05800 JavaThread "C2 CompilerThread5" daemon [_thread_blocked, id=24592, stack(0x000000a7eac00000,0x000000a7ead00000)]
  0x00000250d9bf0000 JavaThread "C2 CompilerThread4" daemon [_thread_blocked, id=18820, stack(0x000000a7eab00000,0x000000a7eac00000)]
  0x00000250d9ba4800 JavaThread "C2 CompilerThread3" daemon [_thread_blocked, id=6128, stack(0x000000a7eaa00000,0x000000a7eab00000)]
  0x00000250d9ba3800 JavaThread "C2 CompilerThread2" daemon [_thread_blocked, id=20332, stack(0x000000a7ea900000,0x000000a7eaa00000)]
  0x00000250d9ba2000 JavaThread "C2 CompilerThread1" daemon [_thread_blocked, id=18252, stack(0x000000a7ea800000,0x000000a7ea900000)]
  0x00000250d9ba0800 JavaThread "C2 CompilerThread0" daemon [_thread_blocked, id=5776, stack(0x000000a7ea700000,0x000000a7ea800000)]
  0x00000250d9b99000 JavaThread "Attach Listener" daemon [_thread_blocked, id=25988, stack(0x000000a7ea600000,0x000000a7ea700000)]
  0x00000250d9b96800 JavaThread "Signal Dispatcher" daemon [_thread_blocked, id=27512, stack(0x000000a7ea500000,0x000000a7ea600000)]
  0x00000250d9b81800 JavaThread "Finalizer" daemon [_thread_blocked, id=27032, stack(0x000000a7ea400000,0x000000a7ea500000)]
  0x00000250d9b80800 JavaThread "Reference Handler" daemon [_thread_blocked, id=19736, stack(0x000000a7ea300000,0x000000a7ea400000)]
  0x00000250bc304000 JavaThread "main" [_thread_blocked, id=8816, stack(0x000000a7e9400000,0x000000a7e9500000)]

Other Threads:
  0x00000250d6e60000 VMThread [stack: 0x000000a7ea200000,0x000000a7ea300000] [id=26092]
  0x00000250d9ba5800 WatcherThread [stack: 0x000000a7eb400000,0x000000a7eb500000] [id=27296]

=>0x00000250bc322000 (exited) GCTaskThread [stack: 0x000000a7e9900000,0x000000a7e9a00000] [id=14836]

VM state:at safepoint (normal execution)

VM Mutex/Monitor currently owned by a thread:  ([mutex/lock_event])
[0x00000250bc301330] Threads_lock - owner thread: 0x00000250d6e60000
[0x00000250bc3022c0] Heap_lock - owner thread: 0x00000250bc304000

heap address: 0x00000006c4200000, size: 4030 MB, Compressed Oops mode: Zero based, Oop shift amount: 3
Narrow klass base: 0x0000000000000000, Narrow klass shift: 3
Compressed class space size: 1073741824 Address: 0x00000007c0000000

Heap:
 PSYoungGen      total 75264K, used 0K [0x000000076c100000, 0x0000000771500000, 0x00000007c0000000)
  eden space 64512K, 0% used [0x000000076c100000,0x000000076c100000,0x0000000770000000)
  from space 10752K, 0% used [0x0000000770000000,0x0000000770000000,0x0000000770a80000)
  to   space 10752K, 0% used [0x0000000770a80000,0x0000000770a80000,0x0000000771500000)
 ParOldGen       total 172032K, used 14842K [0x00000006c4200000, 0x00000006cea00000, 0x000000076c100000)
  object space 172032K, 8% used [0x00000006c4200000,0x00000006c507ea50,0x00000006cea00000)
 Metaspace       used 9291K, capacity 9470K, committed 9728K, reserved 1058816K
  class space    used 1112K, capacity 1196K, committed 1280K, reserved 1048576K

Card table byte_map: [0x00000250cd050000,0x00000250cd830000] byte_map_base: 0x00000250c9a2f000

Marking Bits: (ParMarkBitMap*) 0x000000005efe2850
 Begin Bits: [0x00000250cdd70000, 0x00000250d1c68000)
 End Bits:   [0x00000250d1c68000, 0x00000250d5b60000)

Polling page: 0x00000250bc2a0000

CodeCache: size=245760Kb used=3836Kb max_used=3842Kb free=241923Kb
 bounds [0x00000250bdc90000, 0x00000250be060000, 0x00000250ccc90000]
 total_blobs=885 nmethods=464 adapters=331
 compilation: enabled

Compilation events (10 events):
Event: 0.334 Thread 0x00000250d9c32800  460       3       java.util.concurrent.atomic.AtomicLong::get (5 bytes)
Event: 0.334 Thread 0x00000250d9c58000  461       3       java.util.concurrent.atomic.AtomicLong::compareAndSet (13 bytes)
Event: 0.334 Thread 0x00000250d9c58000 nmethod 461 0x00000250be04c450 code [0x00000250be04c5a0, 0x00000250be04c718]
Event: 0.334 Thread 0x00000250d9c32800 nmethod 460 0x00000250be04e090 code [0x00000250be04e1e0, 0x00000250be04e338]
Event: 0.335 Thread 0x00000250d9c33800  463       3       java.util.Random::next (47 bytes)
Event: 0.335 Thread 0x00000250d9c47800  462       1       collections.LinkedList::size (5 bytes)
Event: 0.335 Thread 0x00000250d9c47800 nmethod 462 0x00000250be02aa50 code [0x00000250be02aba0, 0x00000250be02acb8]
Event: 0.335 Thread 0x00000250d9c33800 nmethod 463 0x00000250be04d990 code [0x00000250be04db00, 0x00000250be04df18]
Event: 0.336 Thread 0x00000250d9c32800  464       3       collections.LinkedList::inRange (27 bytes)
Event: 0.336 Thread 0x00000250d9c32800 nmethod 464 0x00000250be04d450 code [0x00000250be04d5c0, 0x00000250be04d8b8]

GC Heap History (10 events):
Event: 3.270 GC heap after
Heap after GC invocations=225 (full 112):
 PSYoungGen      total 75264K, used 0K [0x000000076c100000, 0x0000000771500000, 0x00000007c0000000)
  eden space 64512K, 0% used [0x000000076c100000,0x000000076c100000,0x0000000770000000)
  from space 10752K, 0% used [0x0000000770000000,0x0000000770000000,0x0000000770a80000)
  to   space 10752K, 0% used [0x0000000770a80000,0x0000000770a80000,0x0000000771500000)
 ParOldGen       total 172032K, used 14842K [0x00000006c4200000, 0x00000006cea00000, 0x000000076c100000)
  object space 172032K, 8% used [0x00000006c4200000,0x00000006c507eb60,0x00000006cea00000)
 Metaspace       used 9291K, capacity 9470K, committed 9728K, reserved 1058816K
  class space    used 1112K, capacity 1196K, committed 1280K, reserved 1048576K
}
Event: 3.270 GC heap before
{Heap before GC invocations=226 (full 113):
 PSYoungGen      total 75264K, used 0K [0x000000076c100000, 0x0000000771500000, 0x00000007c0000000)
  eden space 64512K, 0% used [0x000000076c100000,0x000000076c100000,0x0000000770000000)
  from space 10752K, 0% used [0x0000000770000000,0x0000000770000000,0x0000000770a80000)
  to   space 10752K, 0% used [0x0000000770a80000,0x0000000770a80000,0x0000000771500000)
 ParOldGen       total 172032K, used 14842K [0x00000006c4200000, 0x00000006cea00000, 0x000000076c100000)
  object space 172032K, 8% used [0x00000006c4200000,0x00000006c507eb60,0x00000006cea00000)
 Metaspace       used 9291K, capacity 9470K, committed 9728K, reserved 1058816K
  class space    used 1112K, capacity 1196K, committed 1280K, reserved 1048576K
Event: 3.293 GC heap after
Heap after GC invocations=226 (full 113):
 PSYoungGen      total 75264K, used 0K [0x000000076c100000, 0x0000000771500000, 0x00000007c0000000)
  eden space 64512K, 0% used [0x000000076c100000,0x000000076c100000,0x0000000770000000)
  from space 10752K, 0% used [0x0000000770000000,0x0000000770000000,0x0000000770a80000)
  to   space 10752K, 0% used [0x0000000770a80000,0x0000000770a80000,0x0000000771500000)
 ParOldGen       total 172032K, used 14842K [0x00000006c4200000, 0x00000006cea00000, 0x000000076c100000)
  object space 172032K, 8% used [0x00000006c4200000,0x00000006c507eaa0,0x00000006cea00000)
 Metaspace       used 9291K, capacity 9470K, committed 9728K, reserved 1058816K
  class space    used 1112K, capacity 1196K, committed 1280K, reserved 1048576K
}
Event: 3.293 GC heap before
{Heap before GC invocations=227 (full 113):
 PSYoungGen      total 75264K, used 1290K [0x000000076c100000, 0x0000000771500000, 0x00000007c0000000)
  eden space 64512K, 2% used [0x000000076c100000,0x000000076c242930,0x0000000770000000)
  from space 10752K, 0% used [0x0000000770000000,0x0000000770000000,0x0000000770a80000)
  to   space 10752K, 0% used [0x0000000770a80000,0x0000000770a80000,0x0000000771500000)
 ParOldGen       total 172032K, used 14842K [0x00000006c4200000, 0x00000006cea00000, 0x000000076c100000)
  object space 172032K, 8% used [0x00000006c4200000,0x00000006c507eaa0,0x00000006cea00000)
 Metaspace       used 9291K, capacity 9470K, committed 9728K, reserved 1058816K
  class space    used 1112K, capacity 1196K, committed 1280K, reserved 1048576K
Event: 3.293 GC heap after
Heap after GC invocations=227 (full 113):
 PSYoungGen      total 75264K, used 64K [0x000000076c100000, 0x0000000771500000, 0x00000007c0000000)
  eden space 64512K, 0% used [0x000000076c100000,0x000000076c100000,0x0000000770000000)
  from space 10752K, 0% used [0x0000000770a80000,0x0000000770a90000,0x0000000771500000)
  to   space 10752K, 0% used [0x0000000770000000,0x0000000770000000,0x0000000770a80000)
 ParOldGen       total 172032K, used 14842K [0x00000006c4200000, 0x00000006cea00000, 0x000000076c100000)
  object space 172032K, 8% used [0x00000006c4200000,0x00000006c507eaa0,0x00000006cea00000)
 Metaspace       used 9291K, capacity 9470K, committed 9728K, reserved 1058816K
  class space    used 1112K, capacity 1196K, committed 1280K, reserved 1048576K
}
Event: 3.293 GC heap before
{Heap before GC invocations=228 (full 114):
 PSYoungGen      total 75264K, used 64K [0x000000076c100000, 0x0000000771500000, 0x00000007c0000000)
  eden space 64512K, 0% used [0x000000076c100000,0x000000076c100000,0x0000000770000000)
  from space 10752K, 0% used [0x0000000770a80000,0x0000000770a90000,0x0000000771500000)
  to   space 10752K, 0% used [0x0000000770000000,0x0000000770000000,0x0000000770a80000)
 ParOldGen       total 172032K, used 14842K [0x00000006c4200000, 0x00000006cea00000, 0x000000076c100000)
  object space 172032K, 8% used [0x00000006c4200000,0x00000006c507eaa0,0x00000006cea00000)
 Metaspace       used 9291K, capacity 9470K, committed 9728K, reserved 1058816K
  class space    used 1112K, capacity 1196K, committed 1280K, reserved 1048576K
Event: 3.317 GC heap after
Heap after GC invocations=228 (full 114):
 PSYoungGen      total 75264K, used 0K [0x000000076c100000, 0x0000000771500000, 0x00000007c0000000)
  eden space 64512K, 0% used [0x000000076c100000,0x000000076c100000,0x0000000770000000)
  from space 10752K, 0% used [0x0000000770a80000,0x0000000770a80000,0x0000000771500000)
  to   space 10752K, 0% used [0x0000000770000000,0x0000000770000000,0x0000000770a80000)
 ParOldGen       total 172032K, used 14842K [0x00000006c4200000, 0x00000006cea00000, 0x000000076c100000)
  object space 172032K, 8% used [0x00000006c4200000,0x00000006c507ea50,0x00000006cea00000)
 Metaspace       used 9291K, capacity 9470K, committed 9728K, reserved 1058816K
  class space    used 1112K, capacity 1196K, committed 1280K, reserved 1048576K
}
Event: 3.317 GC heap before
{Heap before GC invocations=229 (full 114):
 PSYoungGen      total 75264K, used 0K [0x000000076c100000, 0x0000000771500000, 0x00000007c0000000)
  eden space 64512K, 0% used [0x000000076c100000,0x000000076c100000,0x0000000770000000)
  from space 10752K, 0% used [0x0000000770a80000,0x0000000770a80000,0x0000000771500000)
  to   space 10752K, 0% used [0x0000000770000000,0x0000000770000000,0x0000000770a80000)
 ParOldGen       total 172032K, used 14842K [0x00000006c4200000, 0x00000006cea00000, 0x000000076c100000)
  object space 172032K, 8% used [0x00000006c4200000,0x00000006c507ea50,0x00000006cea00000)
 Metaspace       used 9291K, capacity 9470K, committed 9728K, reserved 1058816K
  class space    used 1112K, capacity 1196K, committed 1280K, reserved 1048576K
Event: 3.317 GC heap after
Heap after GC invocations=229 (full 114):
 PSYoungGen      total 75264K, used 0K [0x000000076c100000, 0x0000000771500000, 0x00000007c0000000)
  eden space 64512K, 0% used [0x000000076c100000,0x000000076c100000,0x0000000770000000)
  from space 10752K, 0% used [0x0000000770000000,0x0000000770000000,0x0000000770a80000)
  to   space 10752K, 0% used [0x0000000770a80000,0x0000000770a80000,0x0000000771500000)
 ParOldGen       total 172032K, used 14842K [0x00000006c4200000, 0x00000006cea00000, 0x000000076c100000)
  object space 172032K, 8% used [0x00000006c4200000,0x00000006c507ea50,0x00000006cea00000)
 Metaspace       used 9291K, capacity 9470K, committed 9728K, reserved 1058816K
  class space    used 1112K, capacity 1196K, committed 1280K, reserved 1048576K
}
Event: 3.317 GC heap before
{Heap before GC invocations=230 (full 115):
 PSYoungGen      total 75264K, used 0K [0x000000076c100000, 0x0000000771500000, 0x00000007c0000000)
  eden space 64512K, 0% used [0x000000076c100000,0x000000076c100000,0x0000000770000000)
  from space 10752K, 0% used [0x0000000770000000,0x0000000770000000,0x0000000770a80000)
  to   space 10752K, 0% used [0x0000000770a80000,0x0000000770a80000,0x0000000771500000)
 ParOldGen       total 172032K, used 14842K [0x00000006c4200000, 0x00000006cea00000, 0x000000076c100000)
  object space 172032K, 8% used [0x00000006c4200000,0x00000006c507ea50,0x00000006cea00000)
 Metaspace       used 9291K, capacity 9470K, committed 9728K, reserved 1058816K
  class space    used 1112K, capacity 1196K, committed 1280K, reserved 1048576K

Deoptimization events (1 events):
Event: 0.222 Thread 0x00000250bc304000 Uncommon trap: reason=unstable_if action=reinterpret pc=0x00000250be03e734 method=java.io.BufferedReader.readLine(Z)Ljava/lang/String; @ 55

Classes redefined (0 events):
No events

Internal exceptions (10 events):
Event: 0.018 Thread 0x00000250bc304000 Exception <a 'java/lang/NoSuchMethodError': Method sun.misc.Unsafe.prefetchRead(Ljava/lang/Object;J)V name or signature does not match> (0x000000076c107fa8) thrown at [E:\jenkins\tmp\workspace\build\src\hotspot\src\share\vm\prims\jni.cpp, line 4014]
Event: 0.058 Thread 0x00000250bc304000 Exception <a 'java/security/PrivilegedActionException'> (0x000000076c1a35f0) thrown at [E:\jenkins\tmp\workspace\build\src\hotspot\src\share\vm\prims\jvm.cpp, line 1524]
Event: 0.058 Thread 0x00000250bc304000 Exception <a 'java/security/PrivilegedActionException'> (0x000000076c1a3800) thrown at [E:\jenkins\tmp\workspace\build\src\hotspot\src\share\vm\prims\jvm.cpp, line 1524]
Event: 0.058 Thread 0x00000250bc304000 Exception <a 'java/security/PrivilegedActionException'> (0x000000076c1a87b0) thrown at [E:\jenkins\tmp\workspace\build\src\hotspot\src\share\vm\prims\jvm.cpp, line 1524]
Event: 0.058 Thread 0x00000250bc304000 Exception <a 'java/security/PrivilegedActionException'> (0x000000076c1a89c0) thrown at [E:\jenkins\tmp\workspace\build\src\hotspot\src\share\vm\prims\jvm.cpp, line 1524]
Event: 0.069 Thread 0x00000250bc304000 Exception <a 'java/io/FileNotFoundException'> (0x000000076c1c82d0) thrown at [E:\jenkins\tmp\workspace\build\src\hotspot\src\share\vm\prims\jni.cpp, line 711]
Event: 0.089 Thread 0x00000250bc304000 Exception <a 'java/lang/NoSuchFieldError': method resolution failed> (0x000000076c7a3640) thrown at [E:\jenkins\tmp\workspace\build\src\hotspot\src\share\vm\prims\methodHandles.cpp, line 1176]
Event: 0.089 Thread 0x00000250bc304000 Exception <a 'java/lang/NoSuchFieldError': method resolution failed> (0x000000076c7b0bc8) thrown at [E:\jenkins\tmp\workspace\build\src\hotspot\src\share\vm\prims\methodHandles.cpp, line 1176]
Event: 0.106 Thread 0x00000250bc304000 Exception <a 'java/lang/ClassNotFoundException': sun/dc/DuctusRenderingEngine> (0x000000076c83e0a0) thrown at [E:\jenkins\tmp\workspace\build\src\hotspot\src\share\vm\classfile\systemDictionary.cpp, line 217]
Event: 0.133 Thread 0x00000250bc304000 Exception <a 'java/io/FileNotFoundException'> (0x000000076c9ea8c8) thrown at [E:\jenkins\tmp\workspace\build\src\hotspot\src\share\vm\prims\jni.cpp, line 711]

Events (10 events):
Event: 3.223 Executing VM operation: ParallelGCSystemGC done
Event: 3.223 Executing VM operation: ParallelGCSystemGC
Event: 3.246 Executing VM operation: ParallelGCSystemGC done
Event: 3.246 Executing VM operation: ParallelGCSystemGC
Event: 3.270 Executing VM operation: ParallelGCSystemGC done
Event: 3.270 Executing VM operation: ParallelGCSystemGC
Event: 3.293 Executing VM operation: ParallelGCSystemGC done
Event: 3.293 Executing VM operation: ParallelGCSystemGC
Event: 3.317 Executing VM operation: ParallelGCSystemGC done
Event: 3.317 Executing VM operation: ParallelGCSystemGC


Dynamic libraries:
0x00007ff7929b0000 - 0x00007ff7929ea000 	C:\Program Files\Eclipse Adoptium\jdk-8.0.322.6-hotspot\jre\bin\java.exe
0x00007ffd82410000 - 0x00007ffd82608000 	C:\Windows\SYSTEM32\ntdll.dll
0x00007ffd80b20000 - 0x00007ffd80bdd000 	C:\Windows\System32\KERNEL32.DLL
0x00007ffd7fe10000 - 0x00007ffd800e2000 	C:\Windows\System32\KERNELBASE.dll
0x00007ffd81b50000 - 0x00007ffd81bfe000 	C:\Windows\System32\ADVAPI32.dll
0x00007ffd80470000 - 0x00007ffd8050e000 	C:\Windows\System32\msvcrt.dll
0x00007ffd80520000 - 0x00007ffd805bc000 	C:\Windows\System32\sechost.dll
0x00007ffd820b0000 - 0x00007ffd821d5000 	C:\Windows\System32\RPCRT4.dll
0x00007ffd81c60000 - 0x00007ffd81dfd000 	C:\Windows\System32\USER32.dll
0x00007ffd802a0000 - 0x00007ffd802c2000 	C:\Windows\System32\win32u.dll
0x00007ffd805c0000 - 0x00007ffd805eb000 	C:\Windows\System32\GDI32.dll
0x00007ffd800f0000 - 0x00007ffd801ff000 	C:\Windows\System32\gdi32full.dll
0x00007ffd803d0000 - 0x00007ffd8046d000 	C:\Windows\System32\msvcp_win.dll
0x00007ffd7fb20000 - 0x00007ffd7fc20000 	C:\Windows\System32\ucrtbase.dll
0x00007ffd74c90000 - 0x00007ffd74f2a000 	C:\Windows\WinSxS\amd64_microsoft.windows.common-controls_6595b64144ccf1df_6.0.19041.1110_none_60b5254171f9507e\COMCTL32.dll
0x00007ffd80af0000 - 0x00007ffd80b20000 	C:\Windows\System32\IMM32.DLL
0x00007ffcf6180000 - 0x00007ffcf626f000 	C:\Program Files\Eclipse Adoptium\jdk-8.0.322.6-hotspot\jre\bin\msvcr120.dll
0x00007ffd30bf0000 - 0x00007ffd30c96000 	C:\Program Files\Eclipse Adoptium\jdk-8.0.322.6-hotspot\jre\bin\msvcp120.dll
0x000000005e7f0000 - 0x000000005f061000 	C:\Program Files\Eclipse Adoptium\jdk-8.0.322.6-hotspot\jre\bin\server\jvm.dll
0x00007ffd81fb0000 - 0x00007ffd81fb8000 	C:\Windows\System32\PSAPI.DLL
0x00007ffd6a310000 - 0x00007ffd6a319000 	C:\Windows\SYSTEM32\WSOCK32.dll
0x00007ffd762b0000 - 0x00007ffd762ba000 	C:\Windows\SYSTEM32\VERSION.dll
0x00007ffd76840000 - 0x00007ffd76867000 	C:\Windows\SYSTEM32\WINMM.dll
0x00007ffd81030000 - 0x00007ffd8109b000 	C:\Windows\System32\WS2_32.dll
0x00007ffd35bd0000 - 0x00007ffd35bdf000 	C:\Program Files\Eclipse Adoptium\jdk-8.0.322.6-hotspot\jre\bin\verify.dll
0x00007ffd34480000 - 0x00007ffd344a9000 	C:\Program Files\Eclipse Adoptium\jdk-8.0.322.6-hotspot\jre\bin\java.dll
0x00007ffd356b0000 - 0x00007ffd356c6000 	C:\Program Files\Eclipse Adoptium\jdk-8.0.322.6-hotspot\jre\bin\zip.dll
0x00007ffd81400000 - 0x00007ffd81b43000 	C:\Windows\System32\SHELL32.dll
0x00007ffd7daf0000 - 0x00007ffd7e281000 	C:\Windows\SYSTEM32\windows.storage.dll
0x00007ffd810a0000 - 0x00007ffd813f4000 	C:\Windows\System32\combase.dll
0x00007ffd7f580000 - 0x00007ffd7f5b0000 	C:\Windows\SYSTEM32\Wldp.dll
0x00007ffd82240000 - 0x00007ffd822ed000 	C:\Windows\System32\SHCORE.dll
0x00007ffd81c00000 - 0x00007ffd81c55000 	C:\Windows\System32\shlwapi.dll
0x00007ffd7fa60000 - 0x00007ffd7fa7f000 	C:\Windows\SYSTEM32\profapi.dll
0x00007ffce5c00000 - 0x00007ffce5d95000 	C:\Program Files\Eclipse Adoptium\jdk-8.0.322.6-hotspot\jre\bin\awt.dll
0x00007ffd81fe0000 - 0x00007ffd820ad000 	C:\Windows\System32\OLEAUT32.dll
0x00007ffd7c4a0000 - 0x00007ffd7c531000 	C:\Windows\SYSTEM32\apphelp.dll
0x00007ffd7d390000 - 0x00007ffd7d42e000 	C:\Windows\system32\uxtheme.dll
0x0000000011320000 - 0x0000000011366000 	C:\Program Files (x86)\NetSupport\NetSupport School\pciappctrl64.dll
0x00007ffd4e2a0000 - 0x00007ffd4e2bd000 	C:\Windows\SYSTEM32\MPR.dll
0x00007ffd6a340000 - 0x00007ffd6a524000 	C:\Windows\SYSTEM32\dbghelp.dll
0x00007ffd80d70000 - 0x00007ffd80e85000 	C:\Windows\System32\MSCTF.dll
0x00007ffd80be0000 - 0x00007ffd80d0a000 	C:\Windows\System32\ole32.dll
0x00007ffd7d8f0000 - 0x00007ffd7d902000 	C:\Windows\SYSTEM32\kernel.appcore.dll
0x00007ffd7fc20000 - 0x00007ffd7fca2000 	C:\Windows\System32\bcryptPrimitives.dll
0x00007ffd7d520000 - 0x00007ffd7d54f000 	C:\Windows\system32\DWMAPI.DLL
0x00007ffce9020000 - 0x00007ffce90b3000 	C:\Program Files\Eclipse Adoptium\jdk-8.0.322.6-hotspot\jre\bin\freetype.dll
0x00007ffce5b40000 - 0x00007ffce5bfd000 	C:\Program Files\Eclipse Adoptium\jdk-8.0.322.6-hotspot\jre\bin\fontmanager.dll
0x00007ffd3aa70000 - 0x00007ffd3ab97000 	C:\Windows\system32\opengl32.dll
0x00007ffd3aa40000 - 0x00007ffd3aa6c000 	C:\Windows\SYSTEM32\GLU32.dll
0x00007ffd35670000 - 0x00007ffd3568a000 	C:\Program Files\Eclipse Adoptium\jdk-8.0.322.6-hotspot\jre\bin\net.dll
0x00007ffd7f2e0000 - 0x00007ffd7f34a000 	C:\Windows\system32\mswsock.dll
0x00007ffd34460000 - 0x00007ffd34472000 	C:\Program Files\Eclipse Adoptium\jdk-8.0.322.6-hotspot\jre\bin\nio.dll

VM Arguments:
jvm_args: -Dfile.encoding=UTF-8 
java_command: mainpackage.MainClass
java_class_path (initial): C:\Users\lawrence.wachs\OneDrive - St. James-Assiniboia School Division\Documents\2022-2023\Projects\Java\ComputerScience42SIB\build\classes
Launcher Type: SUN_STANDARD

Environment Variables:
JAVA_HOME=C:\Program Files\Eclipse Adoptium\jdk-8.0.322.6-hotspot\
PATH=C:\Program Files\Common Files\Oracle\Java\javapath;C:\Program Files\Microsoft\jdk-11.0.12.7-hotspot\bin;C:\Program Files\Eclipse Adoptium\jdk-8.0.322.6-hotspot\bin;C:\Program Files\Eclipse Adoptium\jre-8.0.322.6-hotspot\bin;C:\Windows\system32;C:\Windows;C:\Windows\System32\Wbem;C:\Windows\System32\WindowsPowerShell\v1.0\;C:\Windows\System32\OpenSSH\;C:\Windows\CCM;C:\Windows\CCM;C:\Program Files\Microsoft SQL Server\150\Tools\Binn\;C:\Program Files\Microsoft SQL Server\Client SDK\ODBC\170\Tools\Binn\;C:\Program Files\dotnet\;C:\Users\lawrence.wachs\AppData\Local\Microsoft\WindowsApps;C:\Users\lawrence.wachs\.dotnet\tools
USERNAME=lawrence.wachs
OS=Windows_NT
PROCESSOR_IDENTIFIER=Intel64 Family 6 Model 165 Stepping 5, GenuineIntel



---------------  S Y S T E M  ---------------

OS: Windows 10.0 , 64 bit Build 19041 (10.0.19041.1889)

CPU:total 16 (initial active 16) (8 cores per cpu, 2 threads per core) family 6 model 165 stepping 5, cmov, cx8, fxsr, mmx, sse, sse2, sse3, ssse3, sse4.1, sse4.2, popcnt, avx, avx2, aes, clmul, erms, 3dnowpref, lzcnt, ht, tsc, tscinvbit, bmi1, bmi2, adx

Memory: 4k page, physical 16503876k(4413712k free), swap 26687724k(7931000k free)

vm_info: OpenJDK 64-Bit Server VM (25.322-b06) for windows-amd64 JRE (1.8.0_322-b06), built on Jan 19 2022 07:06:38 by "jenkins" with MS VC++ 12.0 (VS2013)

time: Mon Mar 13 11:06:56 2023
timezone: Central Daylight Time
elapsed time: 3.407479 seconds (0d 0h 0m 3s)

